#
# There is insufficient memory for the Java Runtime Environment to continue.
# Native memory allocation (mmap) failed to map 65536 bytes for Failed to commit metaspace.
# Possible reasons:
#   The system is out of physical RAM or swap space
#   The process is running with CompressedOops enabled, and the Java Heap may be blocking the growth of the native heap
# Possible solutions:
#   Reduce memory load on the system
#   Increase physical memory or swap space
#   Check if swap backing store is full
#   Decrease Java heap size (-Xmx/-Xms)
#   Decrease number of Java threads
#   Decrease Java thread stack sizes (-Xss)
#   Set larger code cache with -XX:ReservedCodeCacheSize=
#   JVM is running with Unscaled Compressed Oops mode in which the Java heap is
#     placed in the first 4GB address space. The Java Heap base address is the
#     maximum limit for the native heap growth. Please use -XX:HeapBaseMinAddress
#     to set the Java Heap base and to place the Java Heap above 4GB virtual address.
# This output file may be truncated or incomplete.
#
#  Out of Memory Error (virtualSpaceNode.cpp:112), pid=10812, tid=24572
#
# JRE version: Java(TM) SE Runtime Environment (21.0.8+12) (build 21.0.8+12-LTS-250)
# Java VM: Java HotSpot(TM) 64-Bit Server VM (21.0.8+12-LTS-250, mixed mode, sharing, tiered, compressed oops, compressed class ptrs, g1 gc, windows-amd64)
# No core dump will be written. Minidumps are not enabled by default on client versions of Windows
#

---------------  S U M M A R Y ------------

Command Line: -Xmx64m -Xms64m -Dorg.gradle.appname=gradlew C:\Users\min30\dev\planm\App\Mobile\android\\gradle\wrapper\gradle-wrapper.jar app:installDebug -PreactNativeDevServerPort=8081

Host: AMD Ryzen 9 8940HX with Radeon Graphics        , 32 cores, 31G,  Windows 11 , 64 bit Build 26100 (10.0.26100.7705)
Time: Sat Feb 28 17:06:27 2026  Windows 11 , 64 bit Build 26100 (10.0.26100.7705) elapsed time: 15.503438 seconds (0d 0h 0m 15s)

---------------  T H R E A D  ---------------

Current thread (0x000002a7f71a4f00):  JavaThread "C1 CompilerThread0" daemon [_thread_in_vm, id=24572, stack(0x000000c89cf00000,0x000000c89d000000) (1024K)]


Current CompileTask:
C1:  15503 2124       3       java.util.Collections$SingletonList::get (41 bytes)

Stack: [0x000000c89cf00000,0x000000c89d000000]
Native frames: (J=compiled Java code, j=interpreted, Vv=VM code, C=native code)
V  [jvm.dll+0x6cc179]
V  [jvm.dll+0x8584c1]
V  [jvm.dll+0x85a9ee]
V  [jvm.dll+0x85b0c3]
V  [jvm.dll+0x27ebf6]
V  [jvm.dll+0x8540de]
V  [jvm.dll+0x66fdb5]
V  [jvm.dll+0x66fe1a]
V  [jvm.dll+0x672635]
V  [jvm.dll+0x672502]
V  [jvm.dll+0x67078e]
V  [jvm.dll+0x681d2a]
V  [jvm.dll+0x67ae22]
V  [jvm.dll+0x1f2750]
V  [jvm.dll+0x1f2938]
V  [jvm.dll+0x153aae]
V  [jvm.dll+0x153df4]
V  [jvm.dll+0x153226]
V  [jvm.dll+0x154ffd]
V  [jvm.dll+0x256359]
V  [jvm.dll+0x2548ea]
V  [jvm.dll+0x3efef6]
V  [jvm.dll+0x80279b]
V  [jvm.dll+0x6ca85d]
C  [ucrtbase.dll+0x37b0]
C  [KERNEL32.DLL+0x2e8d7]
C  [ntdll.dll+0x8c40c]


---------------  P R O C E S S  ---------------

Threads class SMR info:
_java_thread_list=0x000002a7f7b4d610, length=12, elements={
0x000002a7e7d06460, 0x000002a7f71793a0, 0x000002a7f717ba10, 0x000002a7f71803e0,
0x000002a7f7180ec0, 0x000002a7f7185fe0, 0x000002a7f7188740, 0x000002a7f718b300,
0x000002a7f71a4f00, 0x000002a7f7564a50, 0x000002a7f756c6b0, 0x000002a7fc78dcf0
}

Java Threads: ( => current thread )
  0x000002a7e7d06460 JavaThread "main"                              [_thread_in_native, id=5324, stack(0x000000c89c000000,0x000000c89c100000) (1024K)]
  0x000002a7f71793a0 JavaThread "Reference Handler"          daemon [_thread_blocked, id=40572, stack(0x000000c89c800000,0x000000c89c900000) (1024K)]
  0x000002a7f717ba10 JavaThread "Finalizer"                  daemon [_thread_blocked, id=18804, stack(0x000000c89c900000,0x000000c89ca00000) (1024K)]
  0x000002a7f71803e0 JavaThread "Signal Dispatcher"          daemon [_thread_blocked, id=29496, stack(0x000000c89ca00000,0x000000c89cb00000) (1024K)]
  0x000002a7f7180ec0 JavaThread "Attach Listener"            daemon [_thread_blocked, id=12860, stack(0x000000c89cb00000,0x000000c89cc00000) (1024K)]
  0x000002a7f7185fe0 JavaThread "Service Thread"             daemon [_thread_blocked, id=21596, stack(0x000000c89cc00000,0x000000c89cd00000) (1024K)]
  0x000002a7f7188740 JavaThread "Monitor Deflation Thread"   daemon [_thread_blocked, id=28404, stack(0x000000c89cd00000,0x000000c89ce00000) (1024K)]
  0x000002a7f718b300 JavaThread "C2 CompilerThread0"         daemon [_thread_blocked, id=34840, stack(0x000000c89ce00000,0x000000c89cf00000) (1024K)]
=>0x000002a7f71a4f00 JavaThread "C1 CompilerThread0"         daemon [_thread_in_vm, id=24572, stack(0x000000c89cf00000,0x000000c89d000000) (1024K)]
  0x000002a7f7564a50 JavaThread "Notification Thread"        daemon [_thread_blocked, id=27452, stack(0x000000c89d100000,0x000000c89d200000) (1024K)]
  0x000002a7f756c6b0 JavaThread "Common-Cleaner"             daemon [_thread_blocked, id=28044, stack(0x000000c89d200000,0x000000c89d300000) (1024K)]
  0x000002a7fc78dcf0 JavaThread "pool-1-thread-1"                   [_thread_blocked, id=16588, stack(0x000000c89d900000,0x000000c89da00000) (1024K)]
Total: 12

Other Threads:
  0x000002a7e7cdecf0 VMThread "VM Thread"                           [id=36628, stack(0x000000c89c700000,0x000000c89c800000) (1024K)]
  0x000002a7f714fcc0 WatcherThread "VM Periodic Task Thread"        [id=36196, stack(0x000000c89c600000,0x000000c89c700000) (1024K)]
  0x000002a7e7cdfb70 WorkerThread "GC Thread#0"                     [id=11312, stack(0x000000c89c100000,0x000000c89c200000) (1024K)]
  0x000002a7e7cdf090 WorkerThread "GC Thread#1"                     [id=1536, stack(0x000000c89d500000,0x000000c89d600000) (1024K)]
  0x000002a7e7cde5b0 WorkerThread "GC Thread#2"                     [id=25128, stack(0x000000c89d600000,0x000000c89d700000) (1024K)]
  0x000002a7e7cde950 WorkerThread "GC Thread#3"                     [id=15720, stack(0x000000c89d700000,0x000000c89d800000) (1024K)]
  0x000002a7fc7ad980 WorkerThread "GC Thread#4"                     [id=30844, stack(0x000000c89dc00000,0x000000c89dd00000) (1024K)]
  0x000002a7fc7abc80 WorkerThread "GC Thread#5"                     [id=10768, stack(0x000000c89dd00000,0x000000c89de00000) (1024K)]
  0x000002a7fc7aaa60 WorkerThread "GC Thread#6"                     [id=14524, stack(0x000000c89de00000,0x000000c89df00000) (1024K)]
  0x000002a7fc7ab540 WorkerThread "GC Thread#7"                     [id=19208, stack(0x000000c89df00000,0x000000c89e000000) (1024K)]
  0x000002a7ea0ebf20 ConcurrentGCThread "G1 Main Marker"            [id=31612, stack(0x000000c89c200000,0x000000c89c300000) (1024K)]
  0x000002a7e7cdff10 WorkerThread "G1 Conc#0"                       [id=35996, stack(0x000000c89c300000,0x000000c89c400000) (1024K)]
  0x000002a7f7025930 ConcurrentGCThread "G1 Refine#0"               [id=36316, stack(0x000000c89c400000,0x000000c89c500000) (1024K)]
  0x000002a7f7025d60 ConcurrentGCThread "G1 Service"                [id=7896, stack(0x000000c89c500000,0x000000c89c600000) (1024K)]
Total: 14

Threads with active compile tasks:
C1 CompilerThread0    15539 2124       3       java.util.Collections$SingletonList::get (41 bytes)
Total: 1

VM state: not at safepoint (normal execution)

VM Mutex/Monitor currently owned by a thread:  ([mutex/lock_event])
[0x00007ffbfd9bee50] Metaspace_lock - owner thread: 0x000002a7f71a4f00

Heap address: 0x00000000fc000000, size: 64 MB, Compressed Oops mode: 32-bit

CDS archive(s) mapped at: [0x000002a78f000000-0x000002a78fc90000-0x000002a78fc90000), size 13172736, SharedBaseAddress: 0x000002a78f000000, ArchiveRelocationMode: 1.
Compressed class space mapped at: 0x000002a790000000-0x000002a7d0000000, reserved size: 1073741824
Narrow klass base: 0x000002a78f000000, Narrow klass shift: 0, Narrow klass range: 0x100000000

GC Precious Log:
 CardTable entry size: 512
 Card Set container configuration: InlinePtr #cards 5 size 8 Array Of Cards #cards 12 size 40 Howl #buckets 4 coarsen threshold 1843 Howl Bitmap #cards 512 size 80 coarsen threshold 460 Card regions per heap region 1 cards per card region 2048
 CPUs: 32 total, 32 available
 Memory: 31797M
 Large Page Support: Disabled
 NUMA Support: Disabled
 Compressed Oops: Enabled (32-bit)
 Heap Region Size: 1M
 Heap Min Capacity: 64M
 Heap Initial Capacity: 64M
 Heap Max Capacity: 64M
 Pre-touch: Disabled
 Parallel Workers: 23
 Concurrent Workers: 6
 Concurrent Refinement Workers: 23
 Periodic GC: Disabled

Heap:
 garbage-first heap   total 65536K, used 18049K [0x00000000fc000000, 0x0000000100000000)
  region size 1024K, 12 young (12288K), 5 survivors (5120K)
 Metaspace       used 9808K, committed 10048K, reserved 1114112K
  class space    used 1281K, committed 1408K, reserved 1048576K

Heap Regions: E=young(eden), S=young(survivor), O=old, HS=humongous(starts), HC=humongous(continues), CS=collection set, F=free, TAMS=top-at-mark-start, PB=parsable bottom
|   0|0x00000000fc000000, 0x00000000fc100000, 0x00000000fc100000|100%|HS|  |TAMS 0x00000000fc000000| PB 0x00000000fc000000| Complete 
|   1|0x00000000fc100000, 0x00000000fc200000, 0x00000000fc200000|100%|HC|  |TAMS 0x00000000fc100000| PB 0x00000000fc100000| Complete 
|   2|0x00000000fc200000, 0x00000000fc300000, 0x00000000fc300000|100%|HC|  |TAMS 0x00000000fc200000| PB 0x00000000fc200000| Complete 
|   3|0x00000000fc300000, 0x00000000fc400000, 0x00000000fc400000|100%| O|  |TAMS 0x00000000fc300000| PB 0x00000000fc300000| Untracked 
|   4|0x00000000fc400000, 0x00000000fc500000, 0x00000000fc500000|100%| O|  |TAMS 0x00000000fc400000| PB 0x00000000fc400000| Untracked 
|   5|0x00000000fc500000, 0x00000000fc600000, 0x00000000fc600000|100%| O|  |TAMS 0x00000000fc500000| PB 0x00000000fc500000| Untracked 
|   6|0x00000000fc600000, 0x00000000fc6a0458, 0x00000000fc700000| 62%| O|  |TAMS 0x00000000fc600000| PB 0x00000000fc600000| Untracked 
|   7|0x00000000fc700000, 0x00000000fc700000, 0x00000000fc800000|  0%| F|  |TAMS 0x00000000fc700000| PB 0x00000000fc700000| Untracked 
|   8|0x00000000fc800000, 0x00000000fc800000, 0x00000000fc900000|  0%| F|  |TAMS 0x00000000fc800000| PB 0x00000000fc800000| Untracked 
|   9|0x00000000fc900000, 0x00000000fc900000, 0x00000000fca00000|  0%| F|  |TAMS 0x00000000fc900000| PB 0x00000000fc900000| Untracked 
|  10|0x00000000fca00000, 0x00000000fca00000, 0x00000000fcb00000|  0%| F|  |TAMS 0x00000000fca00000| PB 0x00000000fca00000| Untracked 
|  11|0x00000000fcb00000, 0x00000000fcb00000, 0x00000000fcc00000|  0%| F|  |TAMS 0x00000000fcb00000| PB 0x00000000fcb00000| Untracked 
|  12|0x00000000fcc00000, 0x00000000fcc00000, 0x00000000fcd00000|  0%| F|  |TAMS 0x00000000fcc00000| PB 0x00000000fcc00000| Untracked 
|  13|0x00000000fcd00000, 0x00000000fcd00000, 0x00000000fce00000|  0%| F|  |TAMS 0x00000000fcd00000| PB 0x00000000fcd00000| Untracked 
|  14|0x00000000fce00000, 0x00000000fce00000, 0x00000000fcf00000|  0%| F|  |TAMS 0x00000000fce00000| PB 0x00000000fce00000| Untracked 
|  15|0x00000000fcf00000, 0x00000000fcf00000, 0x00000000fd000000|  0%| F|  |TAMS 0x00000000fcf00000| PB 0x00000000fcf00000| Untracked 
|  16|0x00000000fd000000, 0x00000000fd000000, 0x00000000fd100000|  0%| F|  |TAMS 0x00000000fd000000| PB 0x00000000fd000000| Untracked 
|  17|0x00000000fd100000, 0x00000000fd100000, 0x00000000fd200000|  0%| F|  |TAMS 0x00000000fd100000| PB 0x00000000fd100000| Untracked 
|  18|0x00000000fd200000, 0x00000000fd200000, 0x00000000fd300000|  0%| F|  |TAMS 0x00000000fd200000| PB 0x00000000fd200000| Untracked 
|  19|0x00000000fd300000, 0x00000000fd300000, 0x00000000fd400000|  0%| F|  |TAMS 0x00000000fd300000| PB 0x00000000fd300000| Untracked 
|  20|0x00000000fd400000, 0x00000000fd400000, 0x00000000fd500000|  0%| F|  |TAMS 0x00000000fd400000| PB 0x00000000fd400000| Untracked 
|  21|0x00000000fd500000, 0x00000000fd500000, 0x00000000fd600000|  0%| F|  |TAMS 0x00000000fd500000| PB 0x00000000fd500000| Untracked 
|  22|0x00000000fd600000, 0x00000000fd600000, 0x00000000fd700000|  0%| F|  |TAMS 0x00000000fd600000| PB 0x00000000fd600000| Untracked 
|  23|0x00000000fd700000, 0x00000000fd700000, 0x00000000fd800000|  0%| F|  |TAMS 0x00000000fd700000| PB 0x00000000fd700000| Untracked 
|  24|0x00000000fd800000, 0x00000000fd900000, 0x00000000fd900000|100%| S|CS|TAMS 0x00000000fd800000| PB 0x00000000fd800000| Complete 
|  25|0x00000000fd900000, 0x00000000fda00000, 0x00000000fda00000|100%| S|CS|TAMS 0x00000000fd900000| PB 0x00000000fd900000| Complete 
|  26|0x00000000fda00000, 0x00000000fdb00000, 0x00000000fdb00000|100%| S|CS|TAMS 0x00000000fda00000| PB 0x00000000fda00000| Complete 
|  27|0x00000000fdb00000, 0x00000000fdc00000, 0x00000000fdc00000|100%| S|CS|TAMS 0x00000000fdb00000| PB 0x00000000fdb00000| Complete 
|  28|0x00000000fdc00000, 0x00000000fdd00000, 0x00000000fdd00000|100%| S|CS|TAMS 0x00000000fdc00000| PB 0x00000000fdc00000| Complete 
|  29|0x00000000fdd00000, 0x00000000fdd00000, 0x00000000fde00000|  0%| F|  |TAMS 0x00000000fdd00000| PB 0x00000000fdd00000| Untracked 
|  30|0x00000000fde00000, 0x00000000fde00000, 0x00000000fdf00000|  0%| F|  |TAMS 0x00000000fde00000| PB 0x00000000fde00000| Untracked 
|  31|0x00000000fdf00000, 0x00000000fdf00000, 0x00000000fe000000|  0%| F|  |TAMS 0x00000000fdf00000| PB 0x00000000fdf00000| Untracked 
|  32|0x00000000fe000000, 0x00000000fe000000, 0x00000000fe100000|  0%| F|  |TAMS 0x00000000fe000000| PB 0x00000000fe000000| Untracked 
|  33|0x00000000fe100000, 0x00000000fe100000, 0x00000000fe200000|  0%| F|  |TAMS 0x00000000fe100000| PB 0x00000000fe100000| Untracked 
|  34|0x00000000fe200000, 0x00000000fe200000, 0x00000000fe300000|  0%| F|  |TAMS 0x00000000fe200000| PB 0x00000000fe200000| Untracked 
|  35|0x00000000fe300000, 0x00000000fe300000, 0x00000000fe400000|  0%| F|  |TAMS 0x00000000fe300000| PB 0x00000000fe300000| Untracked 
|  36|0x00000000fe400000, 0x00000000fe400000, 0x00000000fe500000|  0%| F|  |TAMS 0x00000000fe400000| PB 0x00000000fe400000| Untracked 
|  37|0x00000000fe500000, 0x00000000fe500000, 0x00000000fe600000|  0%| F|  |TAMS 0x00000000fe500000| PB 0x00000000fe500000| Untracked 
|  38|0x00000000fe600000, 0x00000000fe600000, 0x00000000fe700000|  0%| F|  |TAMS 0x00000000fe600000| PB 0x00000000fe600000| Untracked 
|  39|0x00000000fe700000, 0x00000000fe700000, 0x00000000fe800000|  0%| F|  |TAMS 0x00000000fe700000| PB 0x00000000fe700000| Untracked 
|  40|0x00000000fe800000, 0x00000000fe800000, 0x00000000fe900000|  0%| F|  |TAMS 0x00000000fe800000| PB 0x00000000fe800000| Untracked 
|  41|0x00000000fe900000, 0x00000000fe900000, 0x00000000fea00000|  0%| F|  |TAMS 0x00000000fe900000| PB 0x00000000fe900000| Untracked 
|  42|0x00000000fea00000, 0x00000000fea00000, 0x00000000feb00000|  0%| F|  |TAMS 0x00000000fea00000| PB 0x00000000fea00000| Untracked 
|  43|0x00000000feb00000, 0x00000000feb00000, 0x00000000fec00000|  0%| F|  |TAMS 0x00000000feb00000| PB 0x00000000feb00000| Untracked 
|  44|0x00000000fec00000, 0x00000000fec00000, 0x00000000fed00000|  0%| F|  |TAMS 0x00000000fec00000| PB 0x00000000fec00000| Untracked 
|  45|0x00000000fed00000, 0x00000000fed00000, 0x00000000fee00000|  0%| F|  |TAMS 0x00000000fed00000| PB 0x00000000fed00000| Untracked 
|  46|0x00000000fee00000, 0x00000000fee00000, 0x00000000fef00000|  0%| F|  |TAMS 0x00000000fee00000| PB 0x00000000fee00000| Untracked 
|  47|0x00000000fef00000, 0x00000000fef00000, 0x00000000ff000000|  0%| F|  |TAMS 0x00000000fef00000| PB 0x00000000fef00000| Untracked 
|  48|0x00000000ff000000, 0x00000000ff000000, 0x00000000ff100000|  0%| F|  |TAMS 0x00000000ff000000| PB 0x00000000ff000000| Untracked 
|  49|0x00000000ff100000, 0x00000000ff100000, 0x00000000ff200000|  0%| F|  |TAMS 0x00000000ff100000| PB 0x00000000ff100000| Untracked 
|  50|0x00000000ff200000, 0x00000000ff200000, 0x00000000ff300000|  0%| F|  |TAMS 0x00000000ff200000| PB 0x00000000ff200000| Untracked 
|  51|0x00000000ff300000, 0x00000000ff300000, 0x00000000ff400000|  0%| F|  |TAMS 0x00000000ff300000| PB 0x00000000ff300000| Untracked 
|  52|0x00000000ff400000, 0x00000000ff400000, 0x00000000ff500000|  0%| F|  |TAMS 0x00000000ff400000| PB 0x00000000ff400000| Untracked 
|  53|0x00000000ff500000, 0x00000000ff500000, 0x00000000ff600000|  0%| F|  |TAMS 0x00000000ff500000| PB 0x00000000ff500000| Untracked 
|  54|0x00000000ff600000, 0x00000000ff600000, 0x00000000ff700000|  0%| F|  |TAMS 0x00000000ff600000| PB 0x00000000ff600000| Untracked 
|  55|0x00000000ff700000, 0x00000000ff700000, 0x00000000ff800000|  0%| F|  |TAMS 0x00000000ff700000| PB 0x00000000ff700000| Untracked 
|  56|0x00000000ff800000, 0x00000000ff800000, 0x00000000ff900000|  0%| F|  |TAMS 0x00000000ff800000| PB 0x00000000ff800000| Untracked 
|  57|0x00000000ff900000, 0x00000000ff951d50, 0x00000000ffa00000| 31%| E|  |TAMS 0x00000000ff900000| PB 0x00000000ff900000| Complete 
|  58|0x00000000ffa00000, 0x00000000ffb00000, 0x00000000ffb00000|100%| E|CS|TAMS 0x00000000ffa00000| PB 0x00000000ffa00000| Complete 
|  59|0x00000000ffb00000, 0x00000000ffc00000, 0x00000000ffc00000|100%| E|CS|TAMS 0x00000000ffb00000| PB 0x00000000ffb00000| Complete 
|  60|0x00000000ffc00000, 0x00000000ffd00000, 0x00000000ffd00000|100%| E|CS|TAMS 0x00000000ffc00000| PB 0x00000000ffc00000| Complete 
|  61|0x00000000ffd00000, 0x00000000ffe00000, 0x00000000ffe00000|100%| E|CS|TAMS 0x00000000ffd00000| PB 0x00000000ffd00000| Complete 
|  62|0x00000000ffe00000, 0x00000000fff00000, 0x00000000fff00000|100%| E|CS|TAMS 0x00000000ffe00000| PB 0x00000000ffe00000| Complete 
|  63|0x00000000fff00000, 0x0000000100000000, 0x0000000100000000|100%| E|CS|TAMS 0x00000000fff00000| PB 0x00000000fff00000| Complete 

Card table byte_map: [0x000002a7e8070000,0x000002a7e8090000] _byte_map_base: 0x000002a7e7890000

Marking Bits: (CMBitMap*) 0x000002a7ea0e9560
 Bits: [0x000002a7f3880000, 0x000002a7f3980000)

Polling page: 0x000002a7e7ca0000

Metaspace:

Usage:
  Non-class:      8.33 MB used.
      Class:      1.25 MB used.
       Both:      9.58 MB used.

Virtual space:
  Non-class space:       64.00 MB reserved,       8.44 MB ( 13%) committed,  1 nodes.
      Class space:        1.00 GB reserved,       1.38 MB ( <1%) committed,  1 nodes.
             Both:        1.06 GB reserved,       9.81 MB ( <1%) committed. 

Chunk freelists:
   Non-Class:  7.44 MB
       Class:  14.66 MB
        Both:  22.10 MB

MaxMetaspaceSize: unlimited
CompressedClassSpaceSize: 1.00 GB
Initial GC threshold: 21.00 MB
Current GC threshold: 21.00 MB
CDS: on
 - commit_granule_bytes: 65536.
 - commit_granule_words: 8192.
 - virtual_space_node_default_size: 8388608.
 - enlarge_chunks_in_place: 1.
 - use_allocation_guard: 0.


Internal statistics:

num_allocs_failed_limit: 0.
num_arena_births: 326.
num_arena_deaths: 0.
num_vsnodes_births: 2.
num_vsnodes_deaths: 0.
num_space_committed: 157.
num_space_uncommitted: 0.
num_chunks_returned_to_freelist: 0.
num_chunks_taken_from_freelist: 639.
num_chunk_merges: 0.
num_chunk_splits: 402.
num_chunks_enlarged: 267.
num_inconsistent_stats: 0.

CodeHeap 'non-profiled nmethods': size=118848Kb used=875Kb max_used=875Kb free=117972Kb
 bounds [0x000002a787bf0000, 0x000002a787e60000, 0x000002a78f000000]
CodeHeap 'profiled nmethods': size=118848Kb used=4016Kb max_used=4016Kb free=114832Kb
 bounds [0x000002a780000000, 0x000002a7803f0000, 0x000002a787410000]
CodeHeap 'non-nmethods': size=8064Kb used=1553Kb max_used=3258Kb free=6510Kb
 bounds [0x000002a787410000, 0x000002a787750000, 0x000002a787bf0000]
 total_blobs=2621 nmethods=2120 adapters=406
 compilation: enabled
              stopped_count=0, restarted_count=0
 full_count=0

Compilation events (20 events):
Event: 12.973 Thread 0x000002a7f71a4f00 nmethod 2110 0x000002a7803e9210 code [0x000002a7803e9400, 0x000002a7803e9900]
Event: 12.973 Thread 0x000002a7f71a4f00 2111       3       java.util.concurrent.TimeUnit::toNanos (45 bytes)
Event: 12.973 Thread 0x000002a7f71a4f00 nmethod 2111 0x000002a7803e9a90 code [0x000002a7803e9c40, 0x000002a7803e9ea8]
Event: 13.174 Thread 0x000002a7f71a4f00 2113       3       org.gradle.internal.logging.events.StyledTextOutputEvent$Span::<init> (15 bytes)
Event: 13.174 Thread 0x000002a7f71a4f00 nmethod 2113 0x000002a7803e9f10 code [0x000002a7803ea0c0, 0x000002a7803ea2e0]
Event: 13.362 Thread 0x000002a7f71a4f00 2114       3       com.google.common.base.Optional::absent (4 bytes)
Event: 13.362 Thread 0x000002a7f71a4f00 nmethod 2114 0x000002a7803ea390 code [0x000002a7803ea540, 0x000002a7803ea690]
Event: 13.362 Thread 0x000002a7f71a4f00 2117       3       java.util.concurrent.ThreadPoolExecutor::workerCountOf (5 bytes)
Event: 13.362 Thread 0x000002a7f71a4f00 nmethod 2117 0x000002a7803ea790 code [0x000002a7803ea920, 0x000002a7803eaa18]
Event: 13.362 Thread 0x000002a7f71a4f00 2115       3       com.google.common.base.Absent::withType (4 bytes)
Event: 13.362 Thread 0x000002a7f71a4f00 nmethod 2115 0x000002a7803eaa90 code [0x000002a7803eac20, 0x000002a7803ead18]
Event: 13.362 Thread 0x000002a7f71a4f00 2118       3       java.util.concurrent.TimeUnit::convert (73 bytes)
Event: 13.362 Thread 0x000002a7f71a4f00 nmethod 2118 0x000002a7803ead90 code [0x000002a7803eafa0, 0x000002a7803eb350]
Event: 13.362 Thread 0x000002a7f71a4f00 2116       1       java.util.concurrent.ThreadPoolExecutor::getQueue (5 bytes)
Event: 13.362 Thread 0x000002a7f71a4f00 nmethod 2116 0x000002a787ccac90 code [0x000002a787ccae20, 0x000002a787ccaee8]
Event: 13.471 Thread 0x000002a7f71a4f00 2119       3       java.util.concurrent.ScheduledThreadPoolExecutor$DelayedWorkQueue::setIndex (16 bytes)
Event: 13.471 Thread 0x000002a7f71a4f00 nmethod 2119 0x000002a7803eb510 code [0x000002a7803eb6c0, 0x000002a7803eb9d8]
Event: 13.471 Thread 0x000002a7f71a4f00 2121       3       com.google.common.collect.FluentIterable::<init> (12 bytes)
Event: 13.471 Thread 0x000002a7f71a4f00 nmethod 2121 0x000002a7803eba90 code [0x000002a7803ebc40, 0x000002a7803ebec8]
Event: 13.471 Thread 0x000002a7f71a4f00 2124       3       java.util.Collections$SingletonList::get (41 bytes)

GC Heap History (4 events):
Event: 0.285 GC heap before
{Heap before GC invocations=0 (full 0):
 garbage-first heap   total 65536K, used 23552K [0x00000000fc000000, 0x0000000100000000)
  region size 1024K, 23 young (23552K), 0 survivors (0K)
 Metaspace       used 1649K, committed 1856K, reserved 1114112K
  class space    used 149K, committed 256K, reserved 1048576K
}
Event: 0.287 GC heap after
{Heap after GC invocations=1 (full 0):
 garbage-first heap   total 65536K, used 2048K [0x00000000fc000000, 0x0000000100000000)
  region size 1024K, 2 young (2048K), 2 survivors (2048K)
 Metaspace       used 1649K, committed 1856K, reserved 1114112K
  class space    used 149K, committed 256K, reserved 1048576K
}
Event: 0.844 GC heap before
{Heap before GC invocations=1 (full 0):
 garbage-first heap   total 65536K, used 37888K [0x00000000fc000000, 0x0000000100000000)
  region size 1024K, 35 young (35840K), 2 survivors (2048K)
 Metaspace       used 8052K, committed 8320K, reserved 1114112K
  class space    used 1079K, committed 1216K, reserved 1048576K
}
Event: 0.848 GC heap after
{Heap after GC invocations=2 (full 0):
 garbage-first heap   total 65536K, used 11905K [0x00000000fc000000, 0x0000000100000000)
  region size 1024K, 5 young (5120K), 5 survivors (5120K)
 Metaspace       used 8052K, committed 8320K, reserved 1114112K
  class space    used 1079K, committed 1216K, reserved 1048576K
}

Dll operation events (13 events):
Event: 0.005 Loaded shared library C:\Program Files\Java\jdk-21\bin\java.dll
Event: 0.027 Loaded shared library C:\Program Files\Java\jdk-21\bin\jsvml.dll
Event: 0.037 Loaded shared library C:\Program Files\Java\jdk-21\bin\net.dll
Event: 0.038 Loaded shared library C:\Program Files\Java\jdk-21\bin\nio.dll
Event: 0.040 Loaded shared library C:\Program Files\Java\jdk-21\bin\zip.dll
Event: 0.043 Loaded shared library C:\Program Files\Java\jdk-21\bin\verify.dll
Event: 0.290 Loaded shared library C:\Program Files\Java\jdk-21\bin\jimage.dll
Event: 0.594 Loaded shared library C:\Program Files\Java\jdk-21\bin\management.dll
Event: 0.596 Loaded shared library C:\Program Files\Java\jdk-21\bin\management_ext.dll
Event: 0.626 Loaded shared library C:\Users\min30\.gradle\native\1def1411415f61bf3af743bc5b6707747c0891f09f0c88961ee8f79bc544acac\windows-amd64\native-platform.dll
Event: 0.650 Loaded shared library C:\Users\min30\.gradle\native\jansi\1.18\windows64\jansi.dll
Event: 0.756 Loaded shared library C:\Program Files\Java\jdk-21\bin\extnet.dll
Event: 0.891 Loaded shared library C:\Program Files\Java\jdk-21\bin\sunmscapi.dll

Deoptimization events (20 events):
Event: 0.904 Thread 0x000002a7e7d06460 Uncommon trap: trap_request=0xffffff45 fr.pc=0x000002a787c86214 relative=0x0000000000000614
Event: 0.904 Thread 0x000002a7e7d06460 Uncommon trap: reason=unstable_if action=reinterpret pc=0x000002a787c86214 method=java.lang.Integer.getChars(II[B)I @ 25 c2
Event: 0.904 Thread 0x000002a7e7d06460 DEOPT PACKING pc=0x000002a787c86214 sp=0x000000c89c0fd8b0
Event: 0.904 Thread 0x000002a7e7d06460 DEOPT UNPACKING pc=0x000002a787467da2 sp=0x000000c89c0fd7b0 mode 2
Event: 0.919 Thread 0x000002a7e7d06460 Uncommon trap: trap_request=0xffffff45 fr.pc=0x000002a787bfb9e4 relative=0x00000000000000c4
Event: 0.919 Thread 0x000002a7e7d06460 Uncommon trap: reason=unstable_if action=reinterpret pc=0x000002a787bfb9e4 method=java.lang.String.charAt(I)C @ 4 c2
Event: 0.919 Thread 0x000002a7e7d06460 DEOPT PACKING pc=0x000002a787bfb9e4 sp=0x000000c89c0fdd50
Event: 0.919 Thread 0x000002a7e7d06460 DEOPT UNPACKING pc=0x000002a787467da2 sp=0x000000c89c0fdcf0 mode 2
Event: 0.919 Thread 0x000002a7e7d06460 Uncommon trap: trap_request=0xffffffde fr.pc=0x000002a787c37124 relative=0x0000000000000084
Event: 0.919 Thread 0x000002a7e7d06460 Uncommon trap: reason=class_check action=maybe_recompile pc=0x000002a787c37124 method=java.util.AbstractList$Itr.hasNext()Z @ 8 c2
Event: 0.919 Thread 0x000002a7e7d06460 DEOPT PACKING pc=0x000002a787c37124 sp=0x000000c89c0fde50
Event: 0.919 Thread 0x000002a7e7d06460 DEOPT UNPACKING pc=0x000002a787467da2 sp=0x000000c89c0fdde8 mode 2
Event: 1.165 Thread 0x000002a7fc78dcf0 Uncommon trap: trap_request=0xffffffde fr.pc=0x000002a787c374f4 relative=0x00000000000000d4
Event: 1.165 Thread 0x000002a7fc78dcf0 Uncommon trap: reason=class_check action=maybe_recompile pc=0x000002a787c374f4 method=java.util.AbstractList$Itr.next()Ljava/lang/Object; @ 14 c2
Event: 1.165 Thread 0x000002a7fc78dcf0 DEOPT PACKING pc=0x000002a787c374f4 sp=0x000000c89d9fec00
Event: 1.165 Thread 0x000002a7fc78dcf0 DEOPT UNPACKING pc=0x000002a787467da2 sp=0x000000c89d9feb98 mode 2
Event: 1.367 Thread 0x000002a7fc78dcf0 Uncommon trap: trap_request=0xffffff45 fr.pc=0x000002a787c72610 relative=0x0000000000000610
Event: 1.367 Thread 0x000002a7fc78dcf0 Uncommon trap: reason=unstable_if action=reinterpret pc=0x000002a787c72610 method=java.lang.Integer.getChars(II[B)I @ 25 c2
Event: 1.367 Thread 0x000002a7fc78dcf0 DEOPT PACKING pc=0x000002a787c72610 sp=0x000000c89d9fea20
Event: 1.367 Thread 0x000002a7fc78dcf0 DEOPT UNPACKING pc=0x000002a787467da2 sp=0x000000c89d9fe978 mode 2

Classes loaded (20 events):
Event: 0.907 Loading class java/nio/channels/SelectionKey
Event: 0.907 Loading class java/nio/channels/SelectionKey done
Event: 0.907 Loading class java/nio/channels/spi/AbstractSelectionKey done
Event: 0.907 Loading class sun/nio/ch/SelectionKeyImpl done
Event: 0.907 Loading class java/lang/invoke/ConstantBootstraps
Event: 0.907 Loading class java/lang/invoke/ConstantBootstraps done
Event: 0.920 Loading class java/nio/channels/spi/AbstractSelector$1
Event: 0.920 Loading class java/nio/channels/spi/AbstractSelector$1 done
Event: 0.927 Loading class java/util/concurrent/Executors$AutoShutdownDelegatedExecutorService
Event: 0.927 Loading class java/util/concurrent/Executors$AutoShutdownDelegatedExecutorService done
Event: 0.927 Loading class java/io/BufferedReader
Event: 0.927 Loading class java/io/BufferedReader done
Event: 0.927 Loading class sun/nio/cs/StreamDecoder
Event: 0.927 Loading class sun/nio/cs/StreamDecoder done
Event: 0.927 Loading class sun/nio/cs/UTF_8$Decoder
Event: 0.927 Loading class sun/nio/cs/UTF_8$Decoder done
Event: 1.164 Loading class java/util/AbstractList$ListItr
Event: 1.164 Loading class java/util/AbstractList$ListItr done
Event: 1.398 Loading class java/lang/invoke/MethodHandle$1
Event: 1.398 Loading class java/lang/invoke/MethodHandle$1 done

Classes unloaded (0 events):
No events

Classes redefined (0 events):
No events

Internal exceptions (20 events):
Event: 0.803 Thread 0x000002a7e7d06460 Exception <a 'java/lang/NoSuchMethodError'{0x00000000fe1c87f8}: 'java.lang.Object java.lang.invoke.DirectMethodHandle$Holder.invokeStatic(java.lang.Object, java.lang.Object, java.lang.Object, java.lang.Object, java.lang.Object, java.lang.Object, java.lang.Object, java.lang.Object, java.lang.Object, java.lang.Object, java.lang.Object, java.lang.Object, java.lang.Object, java.lang.Object, java.lang.Object, java.lang.Object)'> (0x00000000fe1c87f8) 
thrown [s\open\src\hotspot\share\interpreter\linkResolver.cpp
Event: 0.804 Thread 0x000002a7e7d06460 Exception <a 'java/lang/NoSuchMethodError'{0x00000000fe1eeae8}: 'java.lang.Object java.lang.invoke.DirectMethodHandle$Holder.invokeStatic(java.lang.Object, java.lang.Object, java.lang.Object, java.lang.Object, java.lang.Object, java.lang.Object, java.lang.Object, java.lang.Object, java.lang.Object, java.lang.Object, java.lang.Object, java.lang.Object, java.lang.Object, java.lang.Object, java.lang.Object, java.lang.Object, java.lang.Object)'> (0x00000000fe1eeae8) 
thrown [s\open\src\hotspot\share\interprete
Event: 0.805 Thread 0x000002a7e7d06460 Exception <a 'java/lang/NoSuchMethodError'{0x00000000fe015de8}: 'java.lang.Object java.lang.invoke.DirectMethodHandle$Holder.invokeStatic(java.lang.Object, java.lang.Object, java.lang.Object, java.lang.Object, java.lang.Object, java.lang.Object, java.lang.Object, java.lang.Object, java.lang.Object, java.lang.Object, java.lang.Object, java.lang.Object, java.lang.Object, java.lang.Object, java.lang.Object, java.lang.Object, java.lang.Object, java.lang.Object)'> (0x00000000fe015de8) 
thrown [s\open\src\hotspo
Event: 0.806 Thread 0x000002a7e7d06460 Exception <a 'java/lang/NoSuchMethodError'{0x00000000fe03e080}: 'java.lang.Object java.lang.invoke.DirectMethodHandle$Holder.invokeStatic(java.lang.Object, java.lang.Object, java.lang.Object, java.lang.Object, java.lang.Object, java.lang.Object, java.lang.Object, java.lang.Object, java.lang.Object, java.lang.Object, java.lang.Object, java.lang.Object, java.lang.Object, java.lang.Object, java.lang.Object, java.lang.Object, java.lang.Object, java.lang.Object, java.lang.Object)'> (0x00000000fe03e080) 
thrown 
Event: 0.807 Thread 0x000002a7e7d06460 Exception <a 'java/lang/NoSuchMethodError'{0x00000000fe0676a0}: 'java.lang.Object java.lang.invoke.DirectMethodHandle$Holder.invokeStatic(java.lang.Object, java.lang.Object, java.lang.Object, java.lang.Object, java.lang.Object, java.lang.Object, java.lang.Object, java.lang.Object, java.lang.Object, java.lang.Object, java.lang.Object, java.lang.Object, java.lang.Object, java.lang.Object, java.lang.Object, java.lang.Object, java.lang.Object, java.lang.Object, java.lang.Object, java.lang.Object)'> (0x00000000
Event: 0.808 Thread 0x000002a7e7d06460 Exception <a 'java/lang/NoSuchMethodError'{0x00000000fe091f40}: 'java.lang.Object java.lang.invoke.DirectMethodHandle$Holder.invokeStatic(java.lang.Object, java.lang.Object, java.lang.Object, java.lang.Object, java.lang.Object, java.lang.Object, java.lang.Object, java.lang.Object, java.lang.Object, java.lang.Object, java.lang.Object, java.lang.Object, java.lang.Object, java.lang.Object, java.lang.Object, java.lang.Object, java.lang.Object, java.lang.Object, java.lang.Object, java.lang.Object, java.lang.Obj
Event: 0.809 Thread 0x000002a7e7d06460 Exception <a 'java/lang/NoSuchMethodError'{0x00000000fe0bcfa0}: 'java.lang.Object java.lang.invoke.DirectMethodHandle$Holder.invokeStatic(java.lang.Object, java.lang.Object, java.lang.Object, java.lang.Object, java.lang.Object, java.lang.Object, java.lang.Object, java.lang.Object, java.lang.Object, java.lang.Object, java.lang.Object, java.lang.Object, java.lang.Object, java.lang.Object, java.lang.Object, java.lang.Object, java.lang.Object, java.lang.Object, java.lang.Object, java.lang.Object, java.lang.Obj
Event: 0.810 Thread 0x000002a7e7d06460 Exception <a 'java/lang/NoSuchMethodError'{0x00000000fe0e90b8}: 'java.lang.Object java.lang.invoke.DirectMethodHandle$Holder.invokeStatic(java.lang.Object, java.lang.Object, java.lang.Object, java.lang.Object, java.lang.Object, java.lang.Object, java.lang.Object, java.lang.Object, java.lang.Object, java.lang.Object, java.lang.Object, java.lang.Object, java.lang.Object, java.lang.Object, java.lang.Object, java.lang.Object, java.lang.Object, java.lang.Object, java.lang.Object, java.lang.Object, java.lang.Obj
Event: 0.811 Thread 0x000002a7e7d06460 Exception <a 'java/lang/NoSuchMethodError'{0x00000000fdf16228}: 'java.lang.Object java.lang.invoke.DirectMethodHandle$Holder.invokeStatic(java.lang.Object, java.lang.Object, java.lang.Object, java.lang.Object, java.lang.Object, java.lang.Object, java.lang.Object, java.lang.Object, java.lang.Object, java.lang.Object, java.lang.Object, java.lang.Object, java.lang.Object, java.lang.Object, java.lang.Object, java.lang.Object, java.lang.Object, java.lang.Object, java.lang.Object, java.lang.Object, java.lang.Obj
Event: 0.812 Thread 0x000002a7e7d06460 Exception <a 'java/lang/NoSuchMethodError'{0x00000000fdf44478}: 'java.lang.Object java.lang.invoke.DirectMethodHandle$Holder.invokeStatic(java.lang.Object, java.lang.Object, java.lang.Object, java.lang.Object, java.lang.Object, java.lang.Object, java.lang.Object, java.lang.Object, java.lang.Object, java.lang.Object, java.lang.Object, java.lang.Object, java.lang.Object, java.lang.Object, java.lang.Object, java.lang.Object, java.lang.Object, java.lang.Object, java.lang.Object, java.lang.Object, java.lang.Obj
Event: 0.814 Thread 0x000002a7e7d06460 Exception <a 'java/lang/NoSuchMethodError'{0x00000000fdf687d8}: 'java.lang.Object java.lang.invoke.DirectMethodHandle$Holder.invokeSpecial(java.lang.Object, java.lang.Object, java.lang.Object, java.lang.Object, java.lang.Object, java.lang.Object, java.lang.Object, java.lang.Object, java.lang.Object, java.lang.Object, java.lang.Object, java.lang.Object, java.lang.Object, java.lang.Object, java.lang.Object, java.lang.Object, java.lang.Object, java.lang.Object, java.lang.Object, java.lang.Object, java.lang.Ob
Event: 0.815 Thread 0x000002a7e7d06460 Exception <a 'java/lang/NoSuchMethodError'{0x00000000fdf7e130}: 'java.lang.Object java.lang.invoke.DirectMethodHandle$Holder.newInvokeSpecial(java.lang.Object, java.lang.Object, java.lang.Object, java.lang.Object, java.lang.Object, java.lang.Object, java.lang.Object, java.lang.Object, java.lang.Object, java.lang.Object, java.lang.Object, java.lang.Object, java.lang.Object, java.lang.Object, java.lang.Object, java.lang.Object, java.lang.Object, java.lang.Object, java.lang.Object, java.lang.Object, java.lang
Event: 0.815 Thread 0x000002a7e7d06460 Exception <a 'java/lang/NoSuchMethodError'{0x00000000fdf84338}: 'java.lang.Object java.lang.invoke.Invokers$Holder.linkToTargetMethod(java.lang.Object, java.lang.Object, java.lang.Object, java.lang.Object, java.lang.Object, java.lang.Object, java.lang.Object, java.lang.Object, java.lang.Object, java.lang.Object, java.lang.Object, java.lang.Object, java.lang.Object, java.lang.Object, java.lang.Object, java.lang.Object, java.lang.Object, java.lang.Object, java.lang.Object, java.lang.Object, java.lang.Object,
Event: 0.815 Thread 0x000002a7e7d06460 Exception <a 'java/lang/NoSuchMethodError'{0x00000000fdf89348}: 'java.lang.Object java.lang.invoke.DirectMethodHandle$Holder.invokeVirtual(java.lang.Object, java.lang.Object, java.lang.Object, java.lang.Object, java.lang.Object, java.lang.Object, java.lang.Object, java.lang.Object, java.lang.Object, java.lang.Object)'> (0x00000000fdf89348) 
thrown [s\open\src\hotspot\share\interpreter\linkResolver.cpp, line 773]
Event: 0.827 Thread 0x000002a7e7d06460 Exception <a 'java/lang/NoSuchMethodError'{0x00000000fde7eb68}: 'java.lang.Object java.lang.invoke.DirectMethodHandle$Holder.invokeVirtual(java.lang.Object, java.lang.Object, java.lang.Object, java.lang.Object, java.lang.Object, java.lang.Object, java.lang.Object, java.lang.Object, java.lang.Object)'> (0x00000000fde7eb68) 
thrown [s\open\src\hotspot\share\interpreter\linkResolver.cpp, line 773]
Event: 0.839 Thread 0x000002a7e7d06460 Exception <a 'java/lang/NoSuchMethodError'{0x00000000fdd96e50}: 'java.lang.Object java.lang.invoke.DirectMethodHandle$Holder.invokeVirtual(java.lang.Object, java.lang.Object, java.lang.Object, java.lang.Object, java.lang.Object, java.lang.Object, java.lang.Object, java.lang.Object)'> (0x00000000fdd96e50) 
thrown [s\open\src\hotspot\share\interpreter\linkResolver.cpp, line 773]
Event: 0.852 Thread 0x000002a7e7d06460 Exception <a 'java/lang/NoSuchMethodError'{0x00000000fff23ca0}: 'java.lang.Object java.lang.invoke.DirectMethodHandle$Holder.invokeStaticInit(java.lang.Object, int, int, int, int)'> (0x00000000fff23ca0) 
thrown [s\open\src\hotspot\share\interpreter\linkResolver.cpp, line 773]
Event: 0.865 Thread 0x000002a7e7d06460 Exception <a 'java/lang/NoSuchMethodError'{0x00000000ffe29d18}: 'java.lang.Object java.lang.invoke.DirectMethodHandle$Holder.invokeStaticInit(java.lang.Object, java.lang.Object, int, int, int, int)'> (0x00000000ffe29d18) 
thrown [s\open\src\hotspot\share\interpreter\linkResolver.cpp, line 773]
Event: 0.878 Thread 0x000002a7e7d06460 Implicit null exception at 0x000002a787c45324 to 0x000002a787c4598c
Event: 0.879 Thread 0x000002a7e7d06460 Exception <a 'java/lang/NoSuchMethodError'{0x00000000ffd52dd0}: 'void java.lang.invoke.DirectMethodHandle$Holder.invokeInterface(java.lang.Object, java.lang.Object, java.lang.Object)'> (0x00000000ffd52dd0) 
thrown [s\open\src\hotspot\share\interpreter\linkResolver.cpp, line 773]

ZGC Phase Switch (0 events):
No events

VM Operations (20 events):
Event: 0.894 Executing VM operation: HandshakeAllThreads (Deoptimize)
Event: 0.894 Executing VM operation: HandshakeAllThreads (Deoptimize) done
Event: 0.927 Executing VM operation: HandshakeAllThreads (Deoptimize)
Event: 0.928 Executing VM operation: HandshakeAllThreads (Deoptimize) done
Event: 1.164 Executing VM operation: HandshakeAllThreads (Deoptimize)
Event: 1.164 Executing VM operation: HandshakeAllThreads (Deoptimize) done
Event: 2.177 Executing VM operation: Cleanup
Event: 2.178 Executing VM operation: Cleanup done
Event: 3.184 Executing VM operation: Cleanup
Event: 3.184 Executing VM operation: Cleanup done
Event: 4.197 Executing VM operation: Cleanup
Event: 4.197 Executing VM operation: Cleanup done
Event: 5.198 Executing VM operation: Cleanup
Event: 5.198 Executing VM operation: Cleanup done
Event: 6.200 Executing VM operation: Cleanup
Event: 6.200 Executing VM operation: Cleanup done
Event: 10.211 Executing VM operation: Cleanup
Event: 10.211 Executing VM operation: Cleanup done
Event: 13.253 Executing VM operation: Cleanup
Event: 13.253 Executing VM operation: Cleanup done

Events (20 events):
Event: 0.026 Thread 0x000002a7f7188740 Thread added: 0x000002a7f7188740
Event: 0.026 Thread 0x000002a7f718b300 Thread added: 0x000002a7f718b300
Event: 0.026 Thread 0x000002a7f71a4f00 Thread added: 0x000002a7f71a4f00
Event: 0.028 Thread 0x000002a7f74707c0 Thread added: 0x000002a7f74707c0
Event: 0.034 Thread 0x000002a7f7564a50 Thread added: 0x000002a7f7564a50
Event: 0.035 Thread 0x000002a7f756c6b0 Thread added: 0x000002a7f756c6b0
Event: 0.198 Thread 0x000002a7f77f94d0 Thread added: 0x000002a7f77f94d0
Event: 0.284 Thread 0x000002a7f78d3c50 Thread added: 0x000002a7f78d3c50
Event: 0.288 Thread 0x000002a7f7a2daf0 Thread added: 0x000002a7f7a2daf0
Event: 0.288 Thread 0x000002a7f7a2e190 Thread added: 0x000002a7f7a2e190
Event: 0.475 Thread 0x000002a7fc50c390 Thread added: 0x000002a7fc50c390
Event: 0.571 Thread 0x000002a7fc5ca850 Thread added: 0x000002a7fc5ca850
Event: 0.639 Thread 0x000002a7f7a2e190 Thread exited: 0x000002a7f7a2e190
Event: 0.660 Thread 0x000002a7fc78dcf0 Thread added: 0x000002a7fc78dcf0
Event: 1.088 Thread 0x000002a7f7a2daf0 Thread exited: 0x000002a7f7a2daf0
Event: 1.164 Thread 0x000002a7f78d3c50 Thread exited: 0x000002a7f78d3c50
Event: 1.164 Thread 0x000002a7f77f94d0 Thread exited: 0x000002a7f77f94d0
Event: 5.762 Thread 0x000002a7fc5ca850 Thread exited: 0x000002a7fc5ca850
Event: 5.763 Thread 0x000002a7fc50c390 Thread exited: 0x000002a7fc50c390
Event: 6.774 Thread 0x000002a7f74707c0 Thread exited: 0x000002a7f74707c0


Dynamic libraries:
0x00007ff7d4af0000 - 0x00007ff7d4b00000 	C:\Program Files\Java\jdk-21\bin\java.exe
0x00007ffcc9580000 - 0x00007ffcc97e8000 	C:\WINDOWS\SYSTEM32\ntdll.dll
0x00007ffcc7be0000 - 0x00007ffcc7ca9000 	C:\WINDOWS\System32\KERNEL32.DLL
0x00007ffcc6c20000 - 0x00007ffcc7011000 	C:\WINDOWS\System32\KERNELBASE.dll
0x00007ffcc71a0000 - 0x00007ffcc72eb000 	C:\WINDOWS\System32\ucrtbase.dll
0x00007ffc71f00000 - 0x00007ffc71f19000 	C:\Program Files\Java\jdk-21\bin\jli.dll
0x00007ffcc7540000 - 0x00007ffcc75f4000 	C:\WINDOWS\System32\ADVAPI32.dll
0x00007ffc71ee0000 - 0x00007ffc71efb000 	C:\Program Files\Java\jdk-21\bin\VCRUNTIME140.dll
0x00007ffcc8950000 - 0x00007ffcc89f9000 	C:\WINDOWS\System32\msvcrt.dll
0x00007ffcc88a0000 - 0x00007ffcc8946000 	C:\WINDOWS\System32\sechost.dll
0x00007ffcc7d80000 - 0x00007ffcc7e98000 	C:\WINDOWS\System32\RPCRT4.dll
0x00007ffcc81c0000 - 0x00007ffcc8386000 	C:\WINDOWS\System32\USER32.dll
0x00007ffcc72f0000 - 0x00007ffcc7317000 	C:\WINDOWS\System32\win32u.dll
0x00007ffca6430000 - 0x00007ffca66c3000 	C:\WINDOWS\WinSxS\amd64_microsoft.windows.common-controls_6595b64144ccf1df_6.0.26100.7824_none_3e0870b2e3345462\COMCTL32.dll
0x00007ffcc8180000 - 0x00007ffcc81ab000 	C:\WINDOWS\System32\GDI32.dll
0x00007ffcc6af0000 - 0x00007ffcc6c1b000 	C:\WINDOWS\System32\gdi32full.dll
0x00007ffcc5fd0000 - 0x00007ffcc6073000 	C:\WINDOWS\System32\msvcp_win.dll
0x00007ffcbec10000 - 0x00007ffcbec1b000 	C:\WINDOWS\SYSTEM32\VERSION.dll
0x00007ffcc8da0000 - 0x00007ffcc8dd1000 	C:\WINDOWS\System32\IMM32.DLL
0x00007ffc71ed0000 - 0x00007ffc71edc000 	C:\Program Files\Java\jdk-21\bin\vcruntime140_1.dll
0x00007ffc03af0000 - 0x00007ffc03b7e000 	C:\Program Files\Java\jdk-21\bin\msvcp140.dll
0x00007ffbfcd80000 - 0x00007ffbfda9d000 	C:\Program Files\Java\jdk-21\bin\server\jvm.dll
0x00007ffcc79c0000 - 0x00007ffcc7a34000 	C:\WINDOWS\System32\WS2_32.dll
0x00007ffcc4a90000 - 0x00007ffcc4aee000 	C:\WINDOWS\SYSTEM32\POWRPROF.dll
0x00007ffcba0a0000 - 0x00007ffcba0d5000 	C:\WINDOWS\SYSTEM32\WINMM.dll
0x00007ffcc4a70000 - 0x00007ffcc4a84000 	C:\WINDOWS\SYSTEM32\UMPDC.dll
0x00007ffcc4d20000 - 0x00007ffcc4d3b000 	C:\WINDOWS\SYSTEM32\kernel.appcore.dll
0x00007ffc71ec0000 - 0x00007ffc71eca000 	C:\Program Files\Java\jdk-21\bin\jimage.dll
0x00007ffcafba0000 - 0x00007ffcafde2000 	C:\WINDOWS\SYSTEM32\DBGHELP.DLL
0x00007ffcc8a10000 - 0x00007ffcc8d96000 	C:\WINDOWS\System32\combase.dll
0x00007ffcc77e0000 - 0x00007ffcc78b7000 	C:\WINDOWS\System32\OLEAUT32.dll
0x00007ffca3260000 - 0x00007ffca329b000 	C:\WINDOWS\SYSTEM32\dbgcore.DLL
0x00007ffcc5e60000 - 0x00007ffcc5f05000 	C:\WINDOWS\System32\bcryptPrimitives.dll
0x00007ffc71cf0000 - 0x00007ffc71d0f000 	C:\Program Files\Java\jdk-21\bin\java.dll
0x00007ffcc8de0000 - 0x00007ffcc9532000 	C:\WINDOWS\System32\SHELL32.dll
0x00007ffcc6080000 - 0x00007ffcc61ea000 	C:\WINDOWS\System32\wintypes.dll
0x00007ffcc6280000 - 0x00007ffcc6ae3000 	C:\WINDOWS\System32\windows.storage.dll
0x00007ffcc78c0000 - 0x00007ffcc79b6000 	C:\WINDOWS\System32\SHCORE.dll
0x00007ffcc7770000 - 0x00007ffcc77d7000 	C:\WINDOWS\System32\shlwapi.dll
0x00007ffcc5d80000 - 0x00007ffcc5da9000 	C:\WINDOWS\SYSTEM32\profapi.dll
0x00007ffc03a10000 - 0x00007ffc03ae7000 	C:\Program Files\Java\jdk-21\bin\jsvml.dll
0x00007ffc71eb0000 - 0x00007ffc71ec0000 	C:\Program Files\Java\jdk-21\bin\net.dll
0x00007ffcc1410000 - 0x00007ffcc1537000 	C:\WINDOWS\SYSTEM32\WINHTTP.dll
0x00007ffcc5290000 - 0x00007ffcc52fb000 	C:\WINDOWS\system32\mswsock.dll
0x00007ffc71cd0000 - 0x00007ffc71ce6000 	C:\Program Files\Java\jdk-21\bin\nio.dll
0x00007ffc71cb0000 - 0x00007ffc71cc8000 	C:\Program Files\Java\jdk-21\bin\zip.dll
0x00007ffc71ca0000 - 0x00007ffc71cb0000 	C:\Program Files\Java\jdk-21\bin\verify.dll
0x00007ffc71c90000 - 0x00007ffc71c9a000 	C:\Program Files\Java\jdk-21\bin\management.dll
0x00007ffc5fa70000 - 0x00007ffc5fa7b000 	C:\Program Files\Java\jdk-21\bin\management_ext.dll
0x00007ffcc81b0000 - 0x00007ffcc81b8000 	C:\WINDOWS\System32\PSAPI.DLL
0x00007ffc5cfd0000 - 0x00007ffc5cff7000 	C:\Users\min30\.gradle\native\1def1411415f61bf3af743bc5b6707747c0891f09f0c88961ee8f79bc544acac\windows-amd64\native-platform.dll
0x00007ffcb1e40000 - 0x00007ffcb1e4a000 	C:\Users\min30\.gradle\native\jansi\1.18\windows64\jansi.dll
0x00007ffcc4760000 - 0x00007ffcc4794000 	C:\WINDOWS\SYSTEM32\IPHLPAPI.DLL
0x00007ffcc7cb0000 - 0x00007ffcc7cba000 	C:\WINDOWS\System32\NSI.dll
0x00007ffc5b9f0000 - 0x00007ffc5b9f9000 	C:\Program Files\Java\jdk-21\bin\extnet.dll
0x00007ffcc5560000 - 0x00007ffcc557b000 	C:\WINDOWS\SYSTEM32\CRYPTSP.dll
0x00007ffcc4c80000 - 0x00007ffcc4cb9000 	C:\WINDOWS\system32\rsaenh.dll
0x00007ffcc5340000 - 0x00007ffcc536b000 	C:\WINDOWS\SYSTEM32\USERENV.dll
0x00007ffcc5d50000 - 0x00007ffcc5d7a000 	C:\WINDOWS\SYSTEM32\bcrypt.dll
0x00007ffcc5580000 - 0x00007ffcc558c000 	C:\WINDOWS\SYSTEM32\CRYPTBASE.dll
0x00007ffc5b9d0000 - 0x00007ffc5b9de000 	C:\Program Files\Java\jdk-21\bin\sunmscapi.dll
0x00007ffcc7020000 - 0x00007ffcc7197000 	C:\WINDOWS\System32\CRYPT32.dll
0x00007ffcc5700000 - 0x00007ffcc5730000 	C:\WINDOWS\SYSTEM32\ncrypt.dll
0x00007ffcc56b0000 - 0x00007ffcc56ef000 	C:\WINDOWS\SYSTEM32\NTASN1.dll
0x00007ffc8a4a0000 - 0x00007ffc8a4a8000 	C:\WINDOWS\system32\wshunix.dll

dbghelp: loaded successfully - version: 4.0.5 - missing functions: none
symbol engine: initialized successfully - sym options: 0x614 - pdb path: .;C:\Program Files\Java\jdk-21\bin;C:\WINDOWS\SYSTEM32;C:\WINDOWS\WinSxS\amd64_microsoft.windows.common-controls_6595b64144ccf1df_6.0.26100.7824_none_3e0870b2e3345462;C:\Program Files\Java\jdk-21\bin\server;C:\Users\min30\.gradle\native\1def1411415f61bf3af743bc5b6707747c0891f09f0c88961ee8f79bc544acac\windows-amd64;C:\Users\min30\.gradle\native\jansi\1.18\windows64

VM Arguments:
jvm_args: -Xmx64m -Xms64m -Dorg.gradle.appname=gradlew 
java_command: C:\Users\min30\dev\planm\App\Mobile\android\\gradle\wrapper\gradle-wrapper.jar app:installDebug -PreactNativeDevServerPort=8081
java_class_path (initial): C:\Users\min30\dev\planm\App\Mobile\android\\gradle\wrapper\gradle-wrapper.jar
Launcher Type: SUN_STANDARD

[Global flags]
     intx CICompilerCount                          = 15                                        {product} {ergonomic}
     uint ConcGCThreads                            = 6                                         {product} {ergonomic}
     uint G1ConcRefinementThreads                  = 23                                        {product} {ergonomic}
   size_t G1HeapRegionSize                         = 1048576                                   {product} {ergonomic}
    uintx GCDrainStackTargetSize                   = 64                                        {product} {ergonomic}
   size_t InitialHeapSize                          = 67108864                                  {product} {command line}
   size_t MarkStackSize                            = 4194304                                   {product} {ergonomic}
   size_t MaxHeapSize                              = 67108864                                  {product} {command line}
   size_t MaxNewSize                               = 39845888                                  {product} {ergonomic}
   size_t MinHeapDeltaBytes                        = 1048576                                   {product} {ergonomic}
   size_t MinHeapSize                              = 67108864                                  {product} {command line}
    uintx NonNMethodCodeHeapSize                   = 8192380                                {pd product} {ergonomic}
    uintx NonProfiledCodeHeapSize                  = 121732930                              {pd product} {ergonomic}
    uintx ProfiledCodeHeapSize                     = 121732930                              {pd product} {ergonomic}
    uintx ReservedCodeCacheSize                    = 251658240                              {pd product} {ergonomic}
     bool SegmentedCodeCache                       = true                                      {product} {ergonomic}
   size_t SoftMaxHeapSize                          = 67108864                               {manageable} {ergonomic}
     bool UseCompressedOops                        = true                           {product lp64_product} {ergonomic}
     bool UseG1GC                                  = true                                      {product} {ergonomic}
     bool UseLargePagesIndividualAllocation        = false                                  {pd product} {ergonomic}

Logging:
Log output configuration:
 #0: stdout all=warning uptime,level,tags foldmultilines=false
 #1: stderr all=off uptime,level,tags foldmultilines=false

Environment Variables:
PATH=C:\Users\min30\dev\planm\App\Mobile\node_modules\.bin;C:\Users\min30\dev\planm\App\node_modules\.bin;C:\Users\min30\dev\planm\node_modules\.bin;C:\Users\min30\dev\node_modules\.bin;C:\Users\min30\node_modules\.bin;C:\Users\node_modules\.bin;C:\node_modules\.bin;C:\Program Files\nodejs\node_modules\npm\node_modules\@npmcli\run-script\lib\node-gyp-bin;C:\Python313\Scripts\;C:\Python313\;C:\Program Files\Common Files\Oracle\Java\javapath;C:\WINDOWS\system32;C:\WINDOWS;C:\WINDOWS\System32\Wbem;C:\WINDOWS\System32\WindowsPowerShell\v1.0\;C:\WINDOWS\System32\OpenSSH\;C:\Program Files\NVIDIA Corporation\NVIDIA App\NvDLISR;C:\Program Files (x86)\NVIDIA Corporation\PhysX\Common;C:\Program Files\Bandizip\;C:\Program Files\nodejs\;C:\ProgramData\chocolatey\bin;%ANDROID_HOME%\platform-tools;C:\Program Files\Git\cmd;C:\Program Files\dotnet\;C:\Users\min30\AppData\Local\Microsoft\WindowsApps;C:\Users\min30\AppData\Local\GitHubDesktop\bin;C:\Users\min30\AppData\Roaming\npm;C:\Users\min30\AppData\Local\Android\Sdk\platform-tools;C:\Users\min30\AppData\Local\Programs\Microsoft VS Code\bin;
USERNAME=min30
OS=Windows_NT
PROCESSOR_IDENTIFIER=AMD64 Family 25 Model 97 Stepping 2, AuthenticAMD
TMP=C:\Users\min30\AppData\Local\Temp
TEMP=C:\Users\min30\AppData\Local\Temp




Periodic native trim disabled

---------------  S Y S T E M  ---------------

OS:
 Windows 11 , 64 bit Build 26100 (10.0.26100.7705)
OS uptime: 6 days 3:00 hours

CPU: total 32 (initial active 32) (32 cores per cpu, 2 threads per core) family 25 model 97 stepping 2 microcode 0xa60120c, cx8, cmov, fxsr, ht, mmx, 3dnowpref, sse, sse2, sse3, ssse3, sse4a, sse4.1, sse4.2, popcnt, lzcnt, tsc, tscinvbit, avx, avx2, aes, erms, clmul, bmi1, bmi2, adx, avx512f, avx512dq, avx512cd, avx512bw, avx512vl, sha, fma, vzeroupper, avx512_vpopcntdq, avx512_vpclmulqdq, avx512_vaes, avx512_vnni, clflush, clflushopt, avx512_vbmi2, avx512_vbmi, rdtscp, rdpid, fsrm, gfni, avx512_bitalg, f16c, pku, cet_ss, avx512_ifma
Processor Information for all 32 processors :
  Max Mhz: 2401, Current Mhz: 2401, Mhz Limit: 2401

Memory: 4k page, system-wide physical 31797M (5527M free)
TotalPageFile size 35893M (AvailPageFile size 0M)
current process WorkingSet (physical memory assigned to process): 112M, peak: 119M
current process commit charge ("private bytes"): 202M, peak: 206M

vm_info: Java HotSpot(TM) 64-Bit Server VM (21.0.8+12-LTS-250) for windows-amd64 JRE (21.0.8+12-LTS-250), built on 2025-06-27T08:11:22Z by "mach5one" with MS VC++ 17.6 (VS2022)

END.
